<?xml version="1.0" encoding="UTF-8"?>
<!-- Generated by org.testng.reporters.JUnitReportReporter -->
<testsuite skipped="0" hostname="DESKTOP-MQ0KG7U" name="page.Month_Page" tests="1" failures="0" timestamp="2021-09-02T19:46:38 CDT" time="0.014" errors="0">
  <testcase name="month" time="0.014" classname="page.Month_Page"/>
  <system-out/>
</testsuite> <!-- page.Month_Page -->
